app/build/outputs/mapping/release/seeds.txt
com.energynews.app.R$anim: int abc_fade_in
com.energynews.app.R$anim: int abc_fade_out
com.energynews.app.R$anim: int abc_slide_in_bottom
com.energynews.app.R$anim: int abc_slide_in_top
com.energynews.app.R$anim: int abc_slide_out_bottom
com.energynews.app.R$anim: int abc_slide_out_top
com.energynews.app.R$anim: int bounce
com.energynews.app.R$anim: int slide_up
com.energynews.app.R$anim: int top_in
com.energynews.app.R$array: int mycolors
com.energynews.app.R$attr: int actionBarDivider
com.energynews.app.R$attr: int actionBarItemBackground
com.energynews.app.R$attr: int actionBarPopupTheme
com.energynews.app.R$attr: int actionBarSize
com.energynews.app.R$attr: int actionBarSplitStyle
com.energynews.app.R$attr: int actionBarStyle
com.energynews.app.R$attr: int actionBarTabBarStyle
com.energynews.app.R$attr: int actionBarTabStyle
com.energynews.app.R$attr: int actionBarTabTextStyle
com.energynews.app.R$attr: int actionBarTheme
com.energynews.app.R$attr: int actionBarWidgetTheme
com.energynews.app.R$attr: int actionButtonStyle
com.energynews.app.R$attr: int actionDropDownStyle
com.energynews.app.R$attr: int actionLayout
com.energynews.app.R$attr: int actionMenuTextAppearance
com.energynews.app.R$attr: int actionMenuTextColor
com.energynews.app.R$attr: int actionModeBackground
com.energynews.app.R$attr: int actionModeCloseButtonStyle
com.energynews.app.R$attr: int actionModeCloseDrawable
com.energynews.app.R$attr: int actionModeCopyDrawable
com.energynews.app.R$attr: int actionModeCutDrawable
com.energynews.app.R$attr: int actionModeFindDrawable
com.energynews.app.R$attr: int actionModePasteDrawable
com.energynews.app.R$attr: int actionModePopupWindowStyle
com.energynews.app.R$attr: int actionModeSelectAllDrawable
com.energynews.app.R$attr: int actionModeShareDrawable
com.energynews.app.R$attr: int actionModeSplitBackground
com.energynews.app.R$attr: int actionModeStyle
com.energynews.app.R$bool: int abc_action_bar_embed_tabs
com.energynews.app.R$bool: int abc_action_bar_embed_tabs_pre_jb
com.energynews.app.R$bool: int abc_action_bar_expanded_action_views_exclusive
com.energynews.app.R$bool: int abc_config_actionMenuItemAllCaps
com.energynews.app.R$bool: int abc_config_allowActionMenuItemTextWithIcon
com.energynews.app.R$bool: int abc_config_showMenuShortcutsWhenKeyboardPresent
com.energynews.app.R$color: int abc_background_cache_hint_selector_material_dark
com.energynews.app.R$color: int abc_background_cache_hint_selector_material_light
com.energynews.app.R$color: int abc_input_method_navigation_guard
com.energynews.app.R$color: int abc_primary_text_disable_only_material_dark
com.energynews.app.R$color: int abc_primary_text_disable_only_material_light
com.energynews.app.R$color: int abc_primary_text_material_dark
com.energynews.app.R$color: int abc_primary_text_material_light
com.energynews.app.R$color: int abc_search_url_text
com.energynews.app.R$color: int abc_search_url_text_normal
com.energynews.app.R$color: int abc_search_url_text_pressed
com.energynews.app.R$color: int abc_search_url_text_selected
com.energynews.app.R$color: int abc_secondary_text_material_dark
com.energynews.app.R$color: int abc_secondary_text_material_light
com.energynews.app.R$color: int accent_material_dark
com.energynews.app.R$color: int accent_material_light
com.energynews.app.R$color: int background_floating_material_dark
com.energynews.app.R$color: int background_floating_material_light
com.energynews.app.R$color: int background_material_dark
com.energynews.app.R$color: int background_material_light
com.energynews.app.R$color: int bright_foreground_disabled_material_dark
com.energynews.app.R$color: int bright_foreground_disabled_material_light
com.energynews.app.R$color: int bright_foreground_inverse_material_dark
...
android.support.v4.app.Fragment$SavedState
android.support.v4.app.Fragment$SavedState: android.os.Parcelable$Creator CREATOR
android.support.v4.app.FragmentActivity: FragmentActivity()
android.support.v4.app.FragmentManagerState
android.support.v4.app.FragmentManagerState: android.os.Parcelable$Creator CREATOR
android.support.v4.app.FragmentState
android.support.v4.app.FragmentState: android.os.Parcelable$Creator CREATOR
android.support.v4.app.FragmentTabHost: void setOnTabChangedListener(android.widget.TabHost$OnTabChangeListener)
android.support.v4.app.FragmentTabHost$SavedState
android.support.v4.app.FragmentTabHost$SavedState: android.os.Parcelable$Creator CREATOR
android.support.v4.content.ModernAsyncTask$Status: android.support.v4.content.ModernAsyncTask$Status[] values()
android.support.v4.content.ModernAsyncTask$Status: android.support.v4.content.ModernAsyncTask$Status valueOf(java.lang.String)
android.support.v4.media.MediaMetadataCompat
android.support.v4.media.MediaMetadataCompat: android.os.Parcelable$Creator CREATOR
android.support.v4.media.RatingCompat
android.support.v4.media.RatingCompat: android.os.Parcelable$Creator CREATOR
android.support.v4.media.session.MediaSessionCompat$Token
android.support.v4.media.session.MediaSessionCompat$Token: android.os.Parcelable$Creator CREATOR
android.support.v4.media.session.PlaybackStateCompat
android.support.v4.media.session.PlaybackStateCompat: android.os.Parcelable$Creator CREATOR
android.support.v4.view.PagerTabStrip: void setTabIndicatorColor(int)
android.support.v4.view.PagerTabStrip: void setTabIndicatorColorResource(int)
android.support.v4.view.PagerTabStrip: int getTabIndicatorColor()
android.support.v4.view.PagerTabStrip: void setTextSpacing(int)
android.support.v4.view.PagerTabStrip: void setBackgroundDrawable(android.graphics.drawable.Drawable)
android.support.v4.view.PagerTabStrip: void setBackgroundColor(int)
android.support.v4.view.PagerTabStrip: void setBackgroundResource(int)
android.support.v4.view.PagerTabStrip: void setDrawFullUnderline(boolean)
android.support.v4.view.PagerTabStrip: boolean getDrawFullUnderline()
android.support.v4.view.PagerTabStrip: int getMinHeight()
android.support.v4.view.PagerTitleStrip: void setSingleLineAllCaps(android.widget.TextView)
android.support.v4.view.PagerTitleStrip: void setTextSpacing(int)
android.support.v4.view.PagerTitleStrip: int getTextSpacing()
android.support.v4.view.PagerTitleStrip: void setNonPrimaryAlpha(float)
android.support.v4.view.PagerTitleStrip: void setTextColor(int)
android.support.v4.view.PagerTitleStrip: void setGravity(int)
android.support.v4.view.PagerTitleStrip: int getMinHeight()