app/build/outputs/mapping/release/mapping.txt
com.energynews.app.activity.HelperActivity -> com.energynews.app.activity.HelperActivity:
    float xdown -> a
    float ydown -> b
    void startActivity(android.content.Context) -> a
    void onCreate(android.os.Bundle) -> onCreate
    void setFakeBoldText(int) -> a
    boolean dispatchTouchEvent(android.view.MotionEvent) -> dispatchTouchEvent
com.energynews.app.activity.MenuBaseActivity -> com.energynews.app.activity.MenuBaseActivity:
    android.content.SharedPreferences pref -> p
    android.content.SharedPreferences$Editor editor -> q
    android.support.v4.app.FragmentManager fragmentManager -> r
    android.support.v4.app.DialogFragment mMenuDialogFragment -> s
    android.support.v7.widget.Toolbar mToolbar -> t
    com.energynews.app.activity.ViewPagerFragment viewPagerFragment -> u
    int toolbarHight -> v
    int[] toolbarLocation -> w
    int toolbarVisibilityDown -> n
    boolean downInToolbar -> o
    void onCreate(android.os.Bundle) -> onCreate
    void onSaveInstanceState(android.os.Bundle) -> onSaveInstanceState
    void onDestroy() -> onDestroy
    java.util.List getMenuObjects() -> k
    void initToolbar() -> l
    void addFragment(android.support.v4.app.Fragment,boolean,int) -> a
    boolean onCreateOptionsMenu(android.view.Menu) -> onCreateOptionsMenu
    boolean onOptionsItemSelected(android.view.MenuItem) -> onOptionsItemSelected
    void onBackPressed() -> onBackPressed
    void onMenuItemClick(android.view.View,int) -> a
    void onMenuItemLongClick(android.view.View,int) -> b
    boolean dispatchTouchEvent(android.view.MotionEvent) -> dispatchTouchEvent
    void showHelperActivity() -> j
    void scanHistory() -> m
    void refreshFromServer() -> n
    void jumpToStart() -> o
com.energynews.app.activity.MenuBaseActivity$1 -> com.energynews.app.activity.a:
    com.energynews.app.activity.MenuBaseActivity this$0 -> a
    void onClick(android.view.View) -> onClick
com.energynews.app.activity.NewsContentActivity -> com.energynews.app.activity.NewsContentActivity:
    fr.castorflex.android.circularprogressbar.CircularProgressBar circularProgressBar -> a
    void actionStart(android.content.Context,java.lang.String) -> a
    void onCreate(android.os.Bundle) -> onCreate
    void startProgress() -> a
    void finishProgress() -> b
    void access$000(com.energynews.app.activity.NewsContentActivity) -> a
    void access$100(com.energynews.app.activity.NewsContentActivity) -> b
    fr.castorflex.android.circularprogressbar.CircularProgressBar access$200(com.energynews.app.activity.NewsContentActivity) -> c
com.energynews.app.activity.NewsContentActivity$1 -> com.energynews.app.activity.b:
    com.energynews.app.activity.NewsContentActivity this$0 -> a
    boolean shouldOverrideUrlLoading(android.webkit.WebView,java.lang.String) -> shouldOverrideUrlLoading
    void onPageStarted(android.webkit.WebView,java.lang.String,android.graphics.Bitmap) -> onPageStarted
    void onPageFinished(android.webkit.WebView,java.lang.String) -> onPageFinished
    void onReceivedError(android.webkit.WebView,int,java.lang.String,java.lang.String) -> onReceivedError
com.energynews.app.activity.NewsContentActivity$2 -> com.energynews.app.activity.c:
    com.energynews.app.activity.NewsContentActivity this$0 -> a
    void run() -> run
com.energynews.app.activity.NewsContentActivity$3 -> com.energynews.app.activity.d:
    com.energynews.app.activity.NewsContentActivity this$0 -> a
    void run() -> run
...
android.support.v4.content.Loader -> android.support.v4.a.k:
    int mId -> a
    android.support.v4.content.Loader$OnLoadCompleteListener mListener -> b
    boolean mStarted -> c
    boolean mAbandoned -> d
    boolean mReset -> e
    boolean mContentChanged -> f
    boolean mProcessingChange -> g
    void registerListener(int,android.support.v4.content.Loader$OnLoadCompleteListener) -> a
    void unregisterListener(android.support.v4.content.Loader$OnLoadCompleteListener) -> a
    void startLoading() -> a
    void onStartLoading() -> b
    void stopLoading() -> c
    void onStopLoading() -> d
    void reset() -> e
    void onReset() -> f
    java.lang.String dataToString(java.lang.Object) -> a
    java.lang.String toString() -> toString
    void dump(java.lang.String,java.io.FileDescriptor,java.io.PrintWriter,java.lang.String[]) -> a
android.support.v4.content.Loader$OnLoadCompleteListener -> android.support.v4.a.l:
android.support.v4.graphics.drawable.DrawableCompat -> android.support.v4.b.a.a:
    android.support.v4.graphics.drawable.DrawableCompat$DrawableImpl IMPL -> a
    void jumpToCurrentState(android.graphics.drawable.Drawable) -> a
    void setAutoMirrored(android.graphics.drawable.Drawable,boolean) -> a
    boolean isAutoMirrored(android.graphics.drawable.Drawable) -> b
    void setHotspot(android.graphics.drawable.Drawable,float,float) -> a
    void setHotspotBounds(android.graphics.drawable.Drawable,int,int,int,int) -> a
    void setTint(android.graphics.drawable.Drawable,int) -> a
    void setTintList(android.graphics.drawable.Drawable,android.content.res.ColorStateList) -> a
    void setTintMode(android.graphics.drawable.Drawable,android.graphics.PorterDuff$Mode) -> a
android.support.v4.graphics.drawable.DrawableCompat$BaseDrawableImpl -> android.support.v4.b.a.b:
    void jumpToCurrentState(android.graphics.drawable.Drawable) -> a
    void setAutoMirrored(android.graphics.drawable.Drawable,boolean) -> a
    boolean isAutoMirrored(android.graphics.drawable.Drawable) -> b
    void setHotspot(android.graphics.drawable.Drawable,float,float) -> a
    void setHotspotBounds(android.graphics.drawable.Drawable,int,int,int,int) -> a
    void setTint(android.graphics.drawable.Drawable,int) -> a
    void setTintList(android.graphics.drawable.Drawable,android.content.res.ColorStateList) -> a
    void setTintMode(android.graphics.drawable.Drawable,android.graphics.PorterDuff$Mode) -> a
android.support.v4.graphics.drawable.DrawableCompat$DrawableImpl -> android.support.v4.b.a.c:
    void jumpToCurrentState(android.graphics.drawable.Drawable) -> a
    void setAutoMirrored(android.graphics.drawable.Drawable,boolean) -> a
    boolean isAutoMirrored(android.graphics.drawable.Drawable) -> b
    void setHotspot(android.graphics.drawable.Drawable,float,float) -> a
    void setHotspotBounds(android.graphics.drawable.Drawable,int,int,int,int) -> a
    void setTint(android.graphics.drawable.Drawable,int) -> a
    void setTintList(android.graphics.drawable.Drawable,android.content.res.ColorStateList) -> a
    void setTintMode(android.graphics.drawable.Drawable,android.graphics.PorterDuff$Mode) -> a
android.support.v4.graphics.drawable.DrawableCompat$HoneycombDrawableImpl -> android.support.v4.b.a.d:
    void jumpToCurrentState(android.graphics.drawable.Drawable) -> a
android.support.v4.graphics.drawable.DrawableCompat$KitKatDrawableImpl -> android.support.v4.b.a.e:
    void setAutoMirrored(android.graphics.drawable.Drawable,boolean) -> a
    boolean isAutoMirrored(android.graphics.drawable.Drawable) -> b