app/build/outputs/mapping/release/usage.txt
com.energynews.app.BuildConfig
com.energynews.app.R
com.energynews.app.R$anim
com.energynews.app.R$array
com.energynews.app.R$attr
com.energynews.app.R$bool
com.energynews.app.R$color
com.energynews.app.R$dimen
com.energynews.app.R$drawable
com.energynews.app.R$id
com.energynews.app.R$integer
com.energynews.app.R$layout
com.energynews.app.R$menu
com.energynews.app.R$string
com.energynews.app.R$style
com.energynews.app.R$styleable
com.energynews.app.activity.BaseActivity
com.energynews.app.activity.ImagePagerActivity
com.energynews.app.activity.ImagePagerActivity$1
com.energynews.app.activity.ImagePagerActivity$1$1
com.energynews.app.activity.ImagePagerActivity$2
com.energynews.app.activity.ImagePagerActivity$3
com.energynews.app.activity.ImagePagerActivity$4
com.energynews.app.activity.ImagePagerActivity$5
com.energynews.app.activity.ImagePagerActivity$6
com.energynews.app.activity.ImagePagerActivity$6$1
com.energynews.app.activity.ImagePagerActivity$6$2
com.energynews.app.activity.ImagePagerActivity$ImagePagerAdapter
com.energynews.app.activity.ImagePagerActivity$PlaceholderFragment
com.energynews.app.activity.MainFragment
com.energynews.app.activity.MenuBaseActivity:
    private static final java.lang.String DEBUG_TAG
    private static final java.lang.String ISFIRSTLOAD
    private static final int CLOSE_ITEM
    private static final int SHOW_HELPER
    private static final int REFRESH
    private static final int SCAN_HISTORY
    private static final int JUNPTOSTART
    private static final int CLOSE_TOOLBAR
com.energynews.app.activity.NewsContentActivity:
    private static final java.lang.String DEBUG_TAG
com.energynews.app.activity.ViewPagerFragment:
    private static final java.lang.String DEBUG_TAG
    private static final java.lang.String NEWSLIST
    private static final java.lang.String NEWSHEAD
    130:130:public android.support.v4.view.ViewPager getViewPager()
com.energynews.app.activity.ViewPagerFragment$PlaceholderFragment:
    private static final java.lang.String EXTRA_POSITION
com.energynews.app.data.NewsManager:
    private static final java.lang.String DEBUG_TAG
    public static final java.lang.String API_ADRESS_PRE
    133:134:public synchronized void resetReadedNewsList()
    177:184:public com.energynews.app.model.News getCurrentNews()
    188:192:public com.energynews.app.model.News getLastNews()
    238:247:public com.energynews.app.model.News changeNews(int)
    251:252:public boolean checkRefresh()
    255:256:public void resetScanCount()
    311:315:public void setCurrentEmotionRequested()
com.energynews.app.db.EnergyNewsDB:
    private static final java.lang.String DEBUG_TAG
    public static final java.lang.String DB_NAME
    public static final int VERSION
    160:163:public synchronized void setReadedToNews(java.lang.String)
com.energynews.app.db.EnergyNewsOpenHelper:
    private static final java.lang.String DEBUG_TAG
    private static final java.lang.String CREATE_NEWS
    private static final java.lang.String CREATE_NEWS_READED
com.energynews.app.model.News:
    private static final java.lang.String DEBUG_TAG
    38:38:public int getId()
com.energynews.app.model.NewsReaded
com.energynews.app.util.ActivityCollector
com.energynews.app.util.HttpUtil:
    private static final java.lang.String DEBUG_TAG
    16:16:public HttpUtil()
    22:47:public static void sendResquestWithHttpClient(java.lang.String,com.energynews.app.util.HttpCallbackListener)
com.energynews.app.util.HttpUtil$1
com.energynews.app.util.LogUtil:
    public static final int VERBOSE
    public static final int DEBUG
    public static final int INFO
    public static final int WARN
    public static final int ERROR
    public static final int NOTHING
    public static final int LEVEL
    5:5:public LogUtil()
    19:19:public static void v(java.lang.String,java.lang.String)
    29:29:public static void i(java.lang.String,java.lang.String)
    34:34:public static void w(java.lang.String,java.lang.String)
...
android.support.v4.view.accessibility.AccessibilityManagerCompat$AccessibilityManagerStubImpl
android.support.v4.view.accessibility.AccessibilityManagerCompat$AccessibilityManagerVersionImpl
android.support.v4.view.accessibility.AccessibilityManagerCompat$AccessibilityStateChangeListenerCompat
android.support.v4.view.accessibility.AccessibilityManagerCompatIcs
android.support.v4.view.accessibility.AccessibilityManagerCompatIcs$1
android.support.v4.view.accessibility.AccessibilityManagerCompatIcs$AccessibilityStateChangeListenerBridge
android.support.v4.view.accessibility.AccessibilityNodeInfoCompat:
    public static final int ACTION_FOCUS
    public static final int ACTION_CLEAR_FOCUS
    public static final int ACTION_SELECT
    public static final int ACTION_CLEAR_SELECTION
    public static final int ACTION_CLICK
    public static final int ACTION_LONG_CLICK
    public static final int ACTION_ACCESSIBILITY_FOCUS
    public static final int ACTION_CLEAR_ACCESSIBILITY_FOCUS
    public static final int ACTION_NEXT_AT_MOVEMENT_GRANULARITY
    public static final int ACTION_PREVIOUS_AT_MOVEMENT_GRANULARITY
    public static final int ACTION_NEXT_HTML_ELEMENT
    public static final int ACTION_PREVIOUS_HTML_ELEMENT
    public static final int ACTION_SCROLL_FORWARD
    public static final int ACTION_SCROLL_BACKWARD
    public static final int ACTION_COPY
    public static final int ACTION_PASTE
    public static final int ACTION_CUT
    public static final int ACTION_SET_SELECTION
    public static final int ACTION_SET_TEXT
    public static final java.lang.String ACTION_ARGUMENT_MOVEMENT_GRANULARITY_INT
    public static final java.lang.String ACTION_ARGUMENT_HTML_ELEMENT_STRING
    public static final java.lang.String ACTION_ARGUMENT_EXTEND_SELECTION_BOOLEAN
    public static final java.lang.String ACTION_ARGUMENT_SELECTION_START_INT
    public static final java.lang.String ACTION_ARGUMENT_SELECTION_END_INT
    public static final java.lang.String ACTION_ARGUMENT_SET_TEXT_CHARSEQUENCE
android.support.v4.view.accessibility.AccessibilityNodeInfoCompat$1
android.support.v4.view.accessibility.AccessibilityNodeInfoCompat$AccessibilityActionCompat
android.support.v4.view.accessibility.AccessibilityNodeInfoCompat$AccessibilityNodeInfoApi21Impl:
    1094:1094:public java.util.List getActionList(java.lang.Object)
    1100:1100:public java.lang.Object obtainCollectionInfo(int,int,boolean,int)
    1106:1107:public void addAction(java.lang.Object,int,java.lang.CharSequence)
    1112:1112:public java.lang.Object obtainCollectionItemInfo(int,int,int,int,boolean,boolean)
    1118:1118:public boolean isCollectionItemSelected(java.lang.Object)